WARNING: KICAD8_SYMBOL_DIR environment variable is missing, so the default KiCad symbol libraries won't be searched. @ [/Users/jadenrhee/JRWatch/hardware/skidl/<frozen importlib._bootstrap_external>:1026=>/Users/jadenrhee/JRWatch/hardware/skidl/<frozen importlib._bootstrap>:488]
WARNING: KICAD6_SYMBOL_DIR environment variable is missing, so the default KiCad symbol libraries won't be searched. @ [/Users/jadenrhee/JRWatch/hardware/skidl/<frozen importlib._bootstrap_external>:1026=>/Users/jadenrhee/JRWatch/hardware/skidl/<frozen importlib._bootstrap>:488]
WARNING: KICAD7_SYMBOL_DIR environment variable is missing, so the default KiCad symbol libraries won't be searched. @ [/Users/jadenrhee/JRWatch/hardware/skidl/<frozen importlib._bootstrap_external>:1026=>/Users/jadenrhee/JRWatch/hardware/skidl/<frozen importlib._bootstrap>:488]
WARNING: KICAD9_SYMBOL_DIR environment variable is missing, so the default KiCad symbol libraries won't be searched. @ [/Users/jadenrhee/JRWatch/hardware/skidl/<frozen importlib._bootstrap_external>:1026=>/Users/jadenrhee/JRWatch/hardware/skidl/<frozen importlib._bootstrap>:488]
WARNING: KICAD_SYMBOL_DIR environment variable is missing, so the default KiCad symbol libraries won't be searched. @ [/Users/jadenrhee/JRWatch/hardware/skidl/<frozen importlib._bootstrap_external>:1026=>/Users/jadenrhee/JRWatch/hardware/skidl/<frozen importlib._bootstrap>:488]
WARNING: fp-lib-table file was not found. Component footprints are not available.
WARNING: fp-lib-table file was not found. Component footprints are not available.
WARNING: fp-lib-table file was not found. Component footprints are not available.
WARNING: fp-lib-table file was not found. Component footprints are not available.
WARNING: Missing tag on nPM1300-QEAA instantiated at /Users/jadenrhee/JRWatch/hardware/skidl/jrwatch.py:87.
WARNING: Random tag iPRutpIjOp generated for nPM1300-QEAA.
WARNING: Missing tag on C_0603 instantiated at /Users/jadenrhee/JRWatch/hardware/skidl/jrwatch.py:72.
WARNING: Random tag flc40odvDI generated for C_0603.
WARNING: Missing tag on C_0603 instantiated at /Users/jadenrhee/JRWatch/hardware/skidl/jrwatch.py:72.
WARNING: Random tag DxWOmKvuYV generated for C_0603.
WARNING: Missing tag on C_0603 instantiated at /Users/jadenrhee/JRWatch/hardware/skidl/jrwatch.py:72.
WARNING: Random tag beT3jPByUx generated for C_0603.
WARNING: Missing tag on C_0402 instantiated at /Users/jadenrhee/JRWatch/hardware/skidl/jrwatch.py:72.
WARNING: Random tag mnkLKUvWf6 generated for C_0402.
WARNING: Missing tag on C_0603 instantiated at /Users/jadenrhee/JRWatch/hardware/skidl/jrwatch.py:72.
WARNING: Random tag k8qDaXcgSM generated for C_0603.
WARNING: Missing tag on C_0402 instantiated at /Users/jadenrhee/JRWatch/hardware/skidl/jrwatch.py:72.
WARNING: Random tag S3zRXAbP8y generated for C_0402.
WARNING: Missing tag on DFE201612E-2R2M instantiated at /Users/jadenrhee/JRWatch/hardware/skidl/jrwatch.py:108.
WARNING: Random tag qV33NGjkgs generated for DFE201612E-2R2M.
WARNING: Missing tag on C_0603 instantiated at /Users/jadenrhee/JRWatch/hardware/skidl/jrwatch.py:72.
WARNING: Random tag ZgkKdnXI1K generated for C_0603.
WARNING: Missing tag on R_0402 instantiated at /Users/jadenrhee/JRWatch/hardware/skidl/jrwatch.py:76.
WARNING: Random tag sNMwbXXrf2 generated for R_0402.
WARNING: Missing tag on DFE201612E-2R2M instantiated at /Users/jadenrhee/JRWatch/hardware/skidl/jrwatch.py:118.
WARNING: Random tag DKytSf46q6 generated for DFE201612E-2R2M.
WARNING: Missing tag on C_0603 instantiated at /Users/jadenrhee/JRWatch/hardware/skidl/jrwatch.py:72.
WARNING: Random tag ger_bP52oS generated for C_0603.
WARNING: Missing tag on R_0402 instantiated at /Users/jadenrhee/JRWatch/hardware/skidl/jrwatch.py:76.
WARNING: Random tag XjWQ2TYXg1 generated for R_0402.
WARNING: Missing tag on C_0402 instantiated at /Users/jadenrhee/JRWatch/hardware/skidl/jrwatch.py:72.
WARNING: Random tag EERV8p0qNh generated for C_0402.
WARNING: Missing tag on C_0402 instantiated at /Users/jadenrhee/JRWatch/hardware/skidl/jrwatch.py:72.
WARNING: Random tag IvNACA7RQT generated for C_0402.
WARNING: Missing tag on C_0402 instantiated at /Users/jadenrhee/JRWatch/hardware/skidl/jrwatch.py:72.
WARNING: Random tag ZBFZ_4YUdl generated for C_0402.
WARNING: Missing tag on R_0402 instantiated at /Users/jadenrhee/JRWatch/hardware/skidl/jrwatch.py:76.
WARNING: Random tag RQBzmCzh5i generated for R_0402.
WARNING: Missing tag on R_0402 instantiated at /Users/jadenrhee/JRWatch/hardware/skidl/jrwatch.py:76.
WARNING: Random tag zidLKxz5o2 generated for R_0402.
WARNING: Missing tag on NCP15XH103F03RC instantiated at /Users/jadenrhee/JRWatch/hardware/skidl/jrwatch.py:150.
WARNING: Random tag lPrfeLuMb4 generated for NCP15XH103F03RC.
WARNING: Missing tag on SM02B-SRSS-TB instantiated at /Users/jadenrhee/JRWatch/hardware/skidl/jrwatch.py:156.
WARNING: Random tag ncUCmKs6D8 generated for SM02B-SRSS-TB.
WARNING: Missing tag on MDBT50Q-1MV2 instantiated at /Users/jadenrhee/JRWatch/hardware/skidl/jrwatch.py:162.
WARNING: Random tag SkPmLyNbNC generated for MDBT50Q-1MV2.
WARNING: Missing tag on C_0603 instantiated at /Users/jadenrhee/JRWatch/hardware/skidl/jrwatch.py:72.
WARNING: Random tag dfuzaw4EyJ generated for C_0603.
WARNING: Missing tag on C_0402 instantiated at /Users/jadenrhee/JRWatch/hardware/skidl/jrwatch.py:72.
WARNING: Random tag w3D2t48zXe generated for C_0402.
WARNING: Missing tag on C_0402 instantiated at /Users/jadenrhee/JRWatch/hardware/skidl/jrwatch.py:72.
WARNING: Random tag LRgScKCFaE generated for C_0402.
WARNING: Missing tag on C_0402 instantiated at /Users/jadenrhee/JRWatch/hardware/skidl/jrwatch.py:72.
WARNING: Random tag R8OQcgcVZh generated for C_0402.
WARNING: Missing tag on Q13FC13500004 instantiated at /Users/jadenrhee/JRWatch/hardware/skidl/jrwatch.py:174.
WARNING: Random tag Bty48Y1Dkd generated for Q13FC13500004.
WARNING: Missing tag on C_0402 instantiated at /Users/jadenrhee/JRWatch/hardware/skidl/jrwatch.py:72.
WARNING: Random tag S2nR0957sU generated for C_0402.
WARNING: Missing tag on C_0402 instantiated at /Users/jadenrhee/JRWatch/hardware/skidl/jrwatch.py:72.
WARNING: Random tag sl_5xfyd4v generated for C_0402.
WARNING: Missing tag on TC2030-IDC-NL instantiated at /Users/jadenrhee/JRWatch/hardware/skidl/jrwatch.py:187.
WARNING: Random tag u7IWescqXa generated for TC2030-IDC-NL.
WARNING: Missing tag on TYPE-C-31-M-12 instantiated at /Users/jadenrhee/JRWatch/hardware/skidl/jrwatch.py:218.
WARNING: Random tag c9doiDq2k_ generated for TYPE-C-31-M-12.
WARNING: Missing tag on USBLC6-2SC6 instantiated at /Users/jadenrhee/JRWatch/hardware/skidl/jrwatch.py:219.
WARNING: Random tag wHeuiInxn2 generated for USBLC6-2SC6.
WARNING: Missing tag on BMI270 instantiated at /Users/jadenrhee/JRWatch/hardware/skidl/jrwatch.py:245.
WARNING: Random tag FmPzowDDZ_ generated for BMI270.
WARNING: Missing tag on C_0402 instantiated at /Users/jadenrhee/JRWatch/hardware/skidl/jrwatch.py:72.
WARNING: Random tag yUKFhJK978 generated for C_0402.
WARNING: Missing tag on C_0402 instantiated at /Users/jadenrhee/JRWatch/hardware/skidl/jrwatch.py:72.
WARNING: Random tag ykaWRHHInU generated for C_0402.
WARNING: Missing tag on R_0402 instantiated at /Users/jadenrhee/JRWatch/hardware/skidl/jrwatch.py:76.
WARNING: Random tag jCxJe2siIO generated for R_0402.
WARNING: Missing tag on FH12A-10S-0.5SH instantiated at /Users/jadenrhee/JRWatch/hardware/skidl/jrwatch.py:266.
WARNING: Random tag lVM5zeGHg1 generated for FH12A-10S-0.5SH.
WARNING: Missing tag on R_0402 instantiated at /Users/jadenrhee/JRWatch/hardware/skidl/jrwatch.py:76.
WARNING: Random tag MxsHdBiVB9 generated for R_0402.
WARNING: Missing tag on C_0402 instantiated at /Users/jadenrhee/JRWatch/hardware/skidl/jrwatch.py:72.
WARNING: Random tag ekOS8uzGaT generated for C_0402.
WARNING: Missing tag on C_0402 instantiated at /Users/jadenrhee/JRWatch/hardware/skidl/jrwatch.py:72.
WARNING: Random tag wl_XzQJBp3 generated for C_0402.
WARNING: Missing tag on C_0402 instantiated at /Users/jadenrhee/JRWatch/hardware/skidl/jrwatch.py:72.
WARNING: Random tag I9A8KjgjBl generated for C_0402.
WARNING: Missing tag on C_0402 instantiated at /Users/jadenrhee/JRWatch/hardware/skidl/jrwatch.py:72.
WARNING: Random tag TxUayjeHz_ generated for C_0402.
WARNING: Missing tag on SKRTLAE010 instantiated at /Users/jadenrhee/JRWatch/hardware/skidl/jrwatch.py:285.
WARNING: Random tag 81N01ce6eo generated for SKRTLAE010.
WARNING: Missing tag on ESD9B5.0ST5G instantiated at /Users/jadenrhee/JRWatch/hardware/skidl/jrwatch.py:286.
WARNING: Random tag JMyP8C8fgG generated for ESD9B5.0ST5G.
WARNING: Missing tag on R_0402 instantiated at /Users/jadenrhee/JRWatch/hardware/skidl/jrwatch.py:76.
WARNING: Random tag r5_keaZ01b generated for R_0402.
WARNING: Missing tag on SKRTLAE010 instantiated at /Users/jadenrhee/JRWatch/hardware/skidl/jrwatch.py:298.
WARNING: Random tag Uqmrv0O7XN generated for SKRTLAE010.
WARNING: Missing tag on ESD9B3.3ST5G instantiated at /Users/jadenrhee/JRWatch/hardware/skidl/jrwatch.py:299.
WARNING: Random tag C9hpzXZ2Am generated for ESD9B3.3ST5G.
WARNING: Missing tag on R_0402 instantiated at /Users/jadenrhee/JRWatch/hardware/skidl/jrwatch.py:76.
WARNING: Random tag tYWxDNxxoU generated for R_0402.
WARNING: Missing tag on  instantiated at /Users/jadenrhee/JRWatch/hardware/skidl/<frozen importlib._bootstrap>:488.
INFO: 99 warnings found while generating netlist.
INFO: 0 errors found while generating netlist.

